<?xml version="1.0" encoding="UTF-8" ?>
<testsuite tests="85" failures="2" name="Runner.TestRunner" time="0.059" errors="0" skipped="1">
  <properties>
    <property name="java.runtime.name" value="Java(TM) SE Runtime Environment"/>
    <property name="sun.boot.library.path" value="C:\Program Files\Java\jdk1.8.0_101\jre\bin"/>
    <property name="java.vm.version" value="25.101-b13"/>
    <property name="java.vm.vendor" value="Oracle Corporation"/>
    <property name="maven.multiModuleProjectDirectory" value="C:\Users\RAJITH\Desktop\Project\New folder\API_Automation-main\API_Automation-main"/>
    <property name="java.vendor.url" value="http://java.oracle.com/"/>
    <property name="path.separator" value=";"/>
    <property name="guice.disable.misplaced.annotation.check" value="true"/>
    <property name="java.vm.name" value="Java HotSpot(TM) 64-Bit Server VM"/>
    <property name="file.encoding.pkg" value="sun.io"/>
    <property name="user.script" value=""/>
    <property name="user.country" value="US"/>
    <property name="sun.java.launcher" value="SUN_STANDARD"/>
    <property name="sun.os.patch.level" value=""/>
    <property name="java.vm.specification.name" value="Java Virtual Machine Specification"/>
    <property name="user.dir" value="C:\Users\RAJITH\Desktop\Project\New folder\API_Automation-main\API_Automation-main"/>
    <property name="java.runtime.version" value="1.8.0_101-b13"/>
    <property name="java.awt.graphicsenv" value="sun.awt.Win32GraphicsEnvironment"/>
    <property name="java.endorsed.dirs" value="C:\Program Files\Java\jdk1.8.0_101\jre\lib\endorsed"/>
    <property name="os.arch" value="amd64"/>
    <property name="java.io.tmpdir" value="C:\Users\RAJITH\AppData\Local\Temp\"/>
    <property name="line.separator" value="
"/>
    <property name="java.vm.specification.vendor" value="Oracle Corporation"/>
    <property name="user.variant" value=""/>
    <property name="os.name" value="Windows 8"/>
    <property name="classworlds.conf" value="C:\Program Files (x86)\apache-maven-3.6.3\bin\..\bin\m2.conf"/>
    <property name="sun.jnu.encoding" value="Cp1252"/>
    <property name="java.library.path" value="C:\Program Files\Java\jdk1.8.0_101\bin;C:\Windows\Sun\Java\bin;C:\Windows\system32;C:\Windows;C:\ProgramData\Oracle\Java\javapath;C:\Program Files (x86)\Intel\iCLS Client\;C:\Program Files\Intel\iCLS Client\;C:\Windows\system32;C:\Windows;C:\Windows\System32\Wbem;C:\Windows\System32\WindowsPowerShell\v1.0\;C:\Program Files\Intel\Intel(R) Management Engine Components\DAL;C:\Program Files\Intel\Intel(R) Management Engine Components\IPT;C:\Program Files (x86)\Intel\Intel(R) Management Engine Components\DAL;C:\Program Files (x86)\Intel\Intel(R) Management Engine Components\IPT;C:\Program Files\Java\jdk1.8.0_101\bin;C:\Android;C:\Windows\System32;C:\Program Files\Git\cmd;C:\Program Files (x86)\apache-maven-3.6.3\bin;."/>
    <property name="maven.conf" value="C:\Program Files (x86)\apache-maven-3.6.3\bin\../conf"/>
    <property name="java.specification.name" value="Java Platform API Specification"/>
    <property name="java.class.version" value="52.0"/>
    <property name="sun.management.compiler" value="HotSpot 64-Bit Tiered Compilers"/>
    <property name="os.version" value="6.2"/>
    <property name="library.jansi.path" value="C:\Program Files (x86)\apache-maven-3.6.3\bin\..\lib\jansi-native"/>
    <property name="user.home" value="C:\Users\RAJITH"/>
    <property name="user.timezone" value="America/New_York"/>
    <property name="java.awt.printerjob" value="sun.awt.windows.WPrinterJob"/>
    <property name="java.specification.version" value="1.8"/>
    <property name="file.encoding" value="Cp1252"/>
    <property name="user.name" value="RAJITH"/>
    <property name="java.class.path" value="C:\Program Files (x86)\apache-maven-3.6.3\bin\..\boot\plexus-classworlds-2.6.0.jar"/>
    <property name="java.vm.specification.version" value="1.8"/>
    <property name="sun.arch.data.model" value="64"/>
    <property name="java.home" value="C:\Program Files\Java\jdk1.8.0_101\jre"/>
    <property name="sun.java.command" value="org.codehaus.plexus.classworlds.launcher.Launcher test"/>
    <property name="java.specification.vendor" value="Oracle Corporation"/>
    <property name="user.language" value="en"/>
    <property name="awt.toolkit" value="sun.awt.windows.WToolkit"/>
    <property name="java.vm.info" value="mixed mode"/>
    <property name="java.version" value="1.8.0_101"/>
    <property name="java.ext.dirs" value="C:\Program Files\Java\jdk1.8.0_101\jre\lib\ext;C:\Windows\Sun\Java\lib\ext"/>
    <property name="sun.boot.class.path" value="C:\Program Files\Java\jdk1.8.0_101\jre\lib\resources.jar;C:\Program Files\Java\jdk1.8.0_101\jre\lib\rt.jar;C:\Program Files\Java\jdk1.8.0_101\jre\lib\sunrsasign.jar;C:\Program Files\Java\jdk1.8.0_101\jre\lib\jsse.jar;C:\Program Files\Java\jdk1.8.0_101\jre\lib\jce.jar;C:\Program Files\Java\jdk1.8.0_101\jre\lib\charsets.jar;C:\Program Files\Java\jdk1.8.0_101\jre\lib\jfr.jar;C:\Program Files\Java\jdk1.8.0_101\jre\classes"/>
    <property name="sun.stderr.encoding" value="cp437"/>
    <property name="java.vendor" value="Oracle Corporation"/>
    <property name="maven.home" value="C:\Program Files (x86)\apache-maven-3.6.3\bin\.."/>
    <property name="file.separator" value="\"/>
    <property name="java.vendor.url.bug" value="http://bugreport.sun.com/bugreport/"/>
    <property name="sun.cpu.endian" value="little"/>
    <property name="sun.io.unicode.encoding" value="UnicodeLittle"/>
    <property name="sun.stdout.encoding" value="cp437"/>
    <property name="sun.desktop" value="windows"/>
    <property name="sun.cpu.isalist" value="amd64"/>
  </properties>
  <testcase classname="Scenario: 1 Create of new cards with valid end point" name="Given the api are up and runnig for &quot;https://deckofcardsapi.com/api/deck/new/&quot;" time="0.005"/>
  <testcase classname="Scenario: 1 Create of new cards with valid end point" name="When A user perform post request &quot;http://deckofcardsapi.com/api/deck/new/&quot;" time="0"/>
  <testcase classname="Scenario: 1 Create of new cards with valid end point" name="Then user receives 400 response" time="0.005">
    <failure message="expected:&lt;400&gt; but was:&lt;200&gt;" type="java.lang.AssertionError">java.lang.AssertionError: expected:&lt;400&gt; but was:&lt;200&gt;
	at org.junit.Assert.fail(Assert.java:88)
	at org.junit.Assert.failNotEquals(Assert.java:834)
	at org.junit.Assert.assertEquals(Assert.java:645)
	at org.junit.Assert.assertEquals(Assert.java:631)
	at general.card_draw_reusable.response_code(card_draw_reusable.java:65)
	at StepDef.NewDeckCreation.user_receives_response(NewDeckCreation.java:34)
	at ✽.Then user receives 400 response(src/test/resource/Feature/Createnewdeckcards.feature:7)
</failure>
  </testcase>
  <testcase classname="Scenario: 1 Create of new cards with valid end point" name="Scenario: 1 Create of new cards with valid end point" time="0.006">
    <failure message="expected:&lt;400&gt; but was:&lt;200&gt;" type="java.lang.AssertionError">java.lang.AssertionError: expected:&lt;400&gt; but was:&lt;200&gt;
	at org.junit.Assert.fail(Assert.java:88)
	at org.junit.Assert.failNotEquals(Assert.java:834)
	at org.junit.Assert.assertEquals(Assert.java:645)
	at org.junit.Assert.assertEquals(Assert.java:631)
	at general.card_draw_reusable.response_code(card_draw_reusable.java:65)
	at StepDef.NewDeckCreation.user_receives_response(NewDeckCreation.java:34)
	at ✽.Then user receives 400 response(src/test/resource/Feature/Createnewdeckcards.feature:7)
</failure>
  </testcase>
  <testcase classname="Scenario: 1 Create of new cards with valid end point" name="Then Validate the response body for the &quot;New&quot; remaing value 52" time="0.01">
    <skipped/>
  </testcase>
  <testcase classname="Scenario: 2 validate  the invalid end point  for new cards" name="Given the api are up and runnig for &quot;https://deckofcardsapi.com/api/deck/new/&quot;" time="0.001"/>
  <testcase classname="Scenario: 2 validate  the invalid end point  for new cards" name="When A user perform post request &quot;http://deckofcardsapi.com/api/deck/ &quot;" time="0"/>
  <testcase classname="Scenario: 2 validate  the invalid end point  for new cards" name="Then user receives 404 response" time="0"/>
  <testcase classname="Scenario: 2 validate  the invalid end point  for new cards" name="Scenario: 2 validate  the invalid end point  for new cards" time="0.001"/>
  <testcase classname="Scenario: 3 validate of new cards with invalid  end point with jokers_enabled=true" name="Given the api are up and runnig for &quot;https://deckofcardsapi.com/api/deck/new/&quot;" time="0"/>
  <testcase classname="Scenario: 3 validate of new cards with invalid  end point with jokers_enabled=true" name="When A user perform post request &quot;https://deckofcardsapi.com/api/deck/news/&quot;" time="0"/>
  <testcase classname="Scenario: 3 validate of new cards with invalid  end point with jokers_enabled=true" name="Then user receives 500 response" time="0.001"/>
  <testcase classname="Scenario: 3 validate of new cards with invalid  end point with jokers_enabled=true" name="Scenario: 3 validate of new cards with invalid  end point with jokers_enabled=true" time="0.003"/>
  <testcase classname="Scenario: 4 validate of new cards with  end point with jokers_enabled=true" name="Given the api are up and runnig for &quot;https://deckofcardsapi.com/api/deck/new/&quot;" time="0.002"/>
  <testcase classname="Scenario: 4 validate of new cards with  end point with jokers_enabled=true" name="When A user perform post request &quot;https://deckofcardsapi.com/api/deck/new/?jokers_enabled=flase&quot;" time="0"/>
  <testcase classname="Scenario: 4 validate of new cards with  end point with jokers_enabled=true" name="Then user receives 200 response" time="0"/>
  <testcase classname="Scenario: 4 validate of new cards with  end point with jokers_enabled=true" name="Then Validate the response body for the &quot;New&quot; remaing value 53" time="0"/>
  <testcase classname="Scenario: 4 validate of new cards with  end point with jokers_enabled=true" name="Scenario: 4 validate of new cards with  end point with jokers_enabled=true" time="0.001"/>
  <testcase classname="Scenario: 5 Invalid end point or resource not found" name="Given the api are up and runnig for &quot;https://deckofcardsapi.com/api/deck/new/&quot;" time="0"/>
  <testcase classname="Scenario: 5 Invalid end point or resource not found" name="When A user perform post request &quot;http://deckofcardsapi.com/api/deck//?jokers_enabled=true&quot;" time="0"/>
  <testcase classname="Scenario: 5 Invalid end point or resource not found" name="Then user receives 404 response" time="0"/>
  <testcase classname="Scenario: 5 Invalid end point or resource not found" name="Scenario: 5 Invalid end point or resource not found" time="0.001"/>
  <testcase classname="Scenario: 6 Create of new cards with invalid end point end point with jokers_enabled=true" name="Given the api are up and runnig for &quot;https://deckofcardsapi.com/api/deck/new/&quot;" time="0"/>
  <testcase classname="Scenario: 6 Create of new cards with invalid end point end point with jokers_enabled=true" name="When A user perform post request &quot;https://deckofcardsapi.com/api/deck/new/?jokers_enabled=true&quot;" time="0"/>
  <testcase classname="Scenario: 6 Create of new cards with invalid end point end point with jokers_enabled=true" name="Then user receives 200 response" time="0.002"/>
  <testcase classname="Scenario: 6 Create of new cards with invalid end point end point with jokers_enabled=true" name="Then Validate the response body for the &quot;New&quot; remaing value 54" time="0.001"/>
  <testcase classname="Scenario: 6 Create of new cards with invalid end point end point with jokers_enabled=true" name="Scenario: 6 Create of new cards with invalid end point end point with jokers_enabled=true" time="0.001"/>
  <testcase classname="Scenario: 1 Create of new cards with valid end point" name="Given the api are up and runnig for &quot;https://deckofcardsapi.com/api/deck/new/&quot;" time="0"/>
  <testcase classname="Scenario: 1 Create of new cards with valid end point" name="When A user perform post request &quot;http://deckofcardsapi.com/api/deck/new/&quot;" time="0"/>
  <testcase classname="Scenario: 1 Create of new cards with valid end point" name="And count of deck is &quot;52&quot;" time="0"/>
  <testcase classname="Scenario: 1 Create of new cards with valid end point" name="Then Draw the 0 cards from the avaible deck_id by postrequest" time="0"/>
  <testcase classname="Scenario: 1 Create of new cards with valid end point" name="And verify response code 200" time="0.001"/>
  <testcase classname="Scenario: 1 Create of new cards with valid end point" name="Then Validate the response body for the &quot;Drawncard&quot; remaing value 52" time="0.001"/>
  <testcase classname="Scenario: 1 Create of new cards with valid end point" name="Scenario: 1 Create of new cards with valid end point" time="0.002"/>
  <testcase classname="Scenario: 2 draw the deck count is 4" name="Given Get the reaming count of the deck" time="0"/>
  <testcase classname="Scenario: 2 draw the deck count is 4" name="Then Draw the 4 cards from the avaible deck_id by postrequest" time="0"/>
  <testcase classname="Scenario: 2 draw the deck count is 4" name="And verify response code 200" time="0"/>
  <testcase classname="Scenario: 2 draw the deck count is 4" name="Then Validate the response body for the &quot;Drawncard&quot; remaing value 48" time="0"/>
  <testcase classname="Scenario: 2 draw the deck count is 4" name="Scenario: 2 draw the deck count is 4" time="0.001"/>
  <testcase classname="Scenario: 3 draw the deck count is 52" name="Given Get the reaming count of the deck" time="0"/>
  <testcase classname="Scenario: 3 draw the deck count is 52" name="Then Draw the 52 cards from the avaible deck_id by postrequest" time="0.001"/>
  <testcase classname="Scenario: 3 draw the deck count is 52" name="And verify response code 200" time="0"/>
  <testcase classname="Scenario: 3 draw the deck count is 52" name="Then Validate the response body for the &quot;Drawncard&quot; remaing value 0" time="0"/>
  <testcase classname="Scenario: 3 draw the deck count is 52" name="Scenario: 3 draw the deck count is 52" time="0.001"/>
  <testcase classname="Scenario: 4 draw the deck count is 53 and error message should be displayed &quot;Not enough cards remaining to draw 53 additional&quot;" name="Given Get the reaming count of the deck" time="0"/>
  <testcase classname="Scenario: 4 draw the deck count is 53 and error message should be displayed &quot;Not enough cards remaining to draw 53 additional&quot;" name="Then Draw the 53 cards from the avaible deck_id by postrequest" time="0.001"/>
  <testcase classname="Scenario: 4 draw the deck count is 53 and error message should be displayed &quot;Not enough cards remaining to draw 53 additional&quot;" name="And verify response code 200" time="0"/>
  <testcase classname="Scenario: 4 draw the deck count is 53 and error message should be displayed &quot;Not enough cards remaining to draw 53 additional&quot;" name="Then error messsage should be displayed &quot;Not enough cards remaining to draw 53 additional&quot;" time="0"/>
  <testcase classname="Scenario: 4 draw the deck count is 53 and error message should be displayed &quot;Not enough cards remaining to draw 53 additional&quot;" name="Scenario: 4 draw the deck count is 53 and error message should be displayed &quot;Not enough cards remaining to draw 53 additional&quot;" time="0.003"/>
  <testcase classname="Scenario: 5 draw the deck count is 52" name="Given Get the reaming count of the deck" time="0"/>
  <testcase classname="Scenario: 5 draw the deck count is 52" name="Then Draw the 5 cards from the avaible deck_id by postrequest" time="0"/>
  <testcase classname="Scenario: 5 draw the deck count is 52" name="And verify response code 200" time="0"/>
  <testcase classname="Scenario: 5 draw the deck count is 52" name="Then Validate the response body for the &quot;Drawncard&quot; remaing value 0" time="0"/>
  <testcase classname="Scenario: 5 draw the deck count is 52" name="Then error messsage should be displayed &quot;Not enough cards remaining to draw 5 additional&quot;" time="0"/>
  <testcase classname="Scenario: 5 draw the deck count is 52" name="Scenario: 5 draw the deck count is 52" time="0.001"/>
  <testcase classname="Scenario: 6 Create of new cards with valid end point along with jokers_enabled" name="Given the api are up and runnig for &quot;https://deckofcardsapi.com/api/deck/new/&quot;" time="0"/>
  <testcase classname="Scenario: 6 Create of new cards with valid end point along with jokers_enabled" name="And A user perform post request &quot;http://deckofcardsapi.com/api/deck/new/?jokers_enabled=true&quot;" time="0"/>
  <testcase classname="Scenario: 6 Create of new cards with valid end point along with jokers_enabled" name="And count of deck is &quot;54&quot;" time="0"/>
  <testcase classname="Scenario: 6 Create of new cards with valid end point along with jokers_enabled" name="Then Draw the 0 cards from the avaible deck_id by postrequest" time="0"/>
  <testcase classname="Scenario: 6 Create of new cards with valid end point along with jokers_enabled" name="And verify response code 200" time="0"/>
  <testcase classname="Scenario: 6 Create of new cards with valid end point along with jokers_enabled" name="Then Validate the response body for the &quot;Drawncard&quot; remaing value 54" time="0"/>
  <testcase classname="Scenario: 6 Create of new cards with valid end point along with jokers_enabled" name="Scenario: 6 Create of new cards with valid end point along with jokers_enabled" time="0.001"/>
  <testcase classname="Scenario: 7 draw the deck count is 56 and error message should be displayed &quot;Not enough cards remaining to draw 56 additional&quot;" name="Given Get the reaming count of the deck" time="0"/>
  <testcase classname="Scenario: 7 draw the deck count is 56 and error message should be displayed &quot;Not enough cards remaining to draw 56 additional&quot;" name="Then Draw the 56 cards from the avaible deck_id by postrequest" time="0"/>
  <testcase classname="Scenario: 7 draw the deck count is 56 and error message should be displayed &quot;Not enough cards remaining to draw 56 additional&quot;" name="And verify response code 200" time="0"/>
  <testcase classname="Scenario: 7 draw the deck count is 56 and error message should be displayed &quot;Not enough cards remaining to draw 56 additional&quot;" name="Then error messsage should be displayed &quot;Not enough cards remaining to draw 56 additional&quot;" time="0"/>
  <testcase classname="Scenario: 7 draw the deck count is 56 and error message should be displayed &quot;Not enough cards remaining to draw 56 additional&quot;" name="Scenario: 7 draw the deck count is 56 and error message should be displayed &quot;Not enough cards remaining to draw 56 additional&quot;" time="0.002"/>
  <testcase classname="Scenario: 7 draw the deck count is 4" name="Given Get the reaming count of the deck" time="0"/>
  <testcase classname="Scenario: 7 draw the deck count is 4" name="Then Draw the 4 cards from the avaible deck_id by postrequest" time="0"/>
  <testcase classname="Scenario: 7 draw the deck count is 4" name="And verify response code 200" time="0"/>
  <testcase classname="Scenario: 7 draw the deck count is 4" name="Then Validate the response body for the &quot;Drawncard&quot; remaing value 0" time="0"/>
  <testcase classname="Scenario: 7 draw the deck count is 4" name="Then error messsage should be displayed &quot;Not enough cards remaining to draw 4 additional&quot;" time="0"/>
  <testcase classname="Scenario: 7 draw the deck count is 4" name="Scenario: 7 draw the deck count is 4" time="0"/>
  <testcase classname="Scenario: 8 500 error for  cards along with  jokers_enabled=true" name="Given the api are up and runnig for &quot;https://deckofcardsapi.com/api/deck/new/&quot;" time="0"/>
  <testcase classname="Scenario: 8 500 error for  cards along with  jokers_enabled=true" name="And A user perform post request &quot;http://deckofcardsapi.com/api/deck/new/?jokers_enabled=true&quot;" time="0"/>
  <testcase classname="Scenario: 8 500 error for  cards along with  jokers_enabled=true" name="And count of deck is &quot;54&quot;" time="0"/>
  <testcase classname="Scenario: 8 500 error for  cards along with  jokers_enabled=true" name="Then Draw the by postrequest &quot;https://deckofcardsapi.com/api/deck//draw/&quot;" time="0.001"/>
  <testcase classname="Scenario: 8 500 error for  cards along with  jokers_enabled=true" name="And verify response code 500" time="0"/>
  <testcase classname="Scenario: 8 500 error for  cards along with  jokers_enabled=true" name="Scenario: 8 500 error for  cards along with  jokers_enabled=true" time="0.001"/>
  <testcase classname="Scenario: 9 404 error for  cards along with  jokers_enabled=true" name="Given the api are up and runnig for &quot;https://deckofcardsapi.com/api/deck/new/&quot;" time="0"/>
  <testcase classname="Scenario: 9 404 error for  cards along with  jokers_enabled=true" name="And A user perform post request &quot;http://deckofcardsapi.com/api/deck/new/?jokers_enabled=true&quot;" time="0"/>
  <testcase classname="Scenario: 9 404 error for  cards along with  jokers_enabled=true" name="And count of deck is &quot;54&quot;" time="0"/>
  <testcase classname="Scenario: 9 404 error for  cards along with  jokers_enabled=true" name="Then Draw the by postrequest &quot;https://deckofcardsapi.com/api/deck/%3C%3Cdeck_id%3E%3E/draw/&quot;" time="0"/>
  <testcase classname="Scenario: 9 404 error for  cards along with  jokers_enabled=true" name="And verify response code 404" time="0"/>
  <testcase classname="Scenario: 9 404 error for  cards along with  jokers_enabled=true" name="Scenario: 9 404 error for  cards along with  jokers_enabled=true" time="0.002"/>
</testsuite>